2022-04-16 18:33:29.203 [main] ERROR org.springframework.boot.SpringApplication - Application run failed
org.springframework.beans.factory.BeanCreationException: Error creating bean with name 'authController': Injection of @Reference dependencies is failed; nested exception is java.lang.IllegalStateException: Failed to check the status of the service com.hahaen.api.rpc.OrderRpcService. No provider available for the service com.hahaen.api.rpc.OrderRpcService:0.0.1 from the url zookeeper://localhost:2181/org.apache.dubbo.registry.RegistryService?application=wxshop-main&dubbo=2.0.2&init=false&interface=com.hahaen.api.rpc.OrderRpcService&methods=createOrder,getOrderById,getOrder,updateOrder,deleteOrder&pid=7000&qos.enable=false&register.ip=192.168.123.19&release=2.7.6&revision=0.0.1&side=consumer&sticky=false&timestamp=1650105208972&version=0.0.1 to the consumer 192.168.123.19 use dubbo version 2.7.6
	at com.alibaba.spring.beans.factory.annotation.AbstractAnnotationBeanPostProcessor.postProcessPropertyValues(AbstractAnnotationBeanPostProcessor.java:146)
	at org.springframework.beans.factory.support.AbstractAutowireCapableBeanFactory.populateBean(AbstractAutowireCapableBeanFactory.java:1427)
	at org.springframework.beans.factory.support.AbstractAutowireCapableBeanFactory.doCreateBean(AbstractAutowireCapableBeanFactory.java:594)
	at org.springframework.beans.factory.support.AbstractAutowireCapableBeanFactory.createBean(AbstractAutowireCapableBeanFactory.java:517)
	at org.springframework.beans.factory.support.AbstractBeanFactory.lambda$doGetBean$0(AbstractBeanFactory.java:323)
	at org.springframework.beans.factory.support.AbstractBeanFactory$$Lambda$158/1864387098.getObject(Unknown Source)
	at org.springframework.beans.factory.support.DefaultSingletonBeanRegistry.getSingleton(DefaultSingletonBeanRegistry.java:222)
	at org.springframework.beans.factory.support.AbstractBeanFactory.doGetBean(AbstractBeanFactory.java:321)
	at org.springframework.beans.factory.support.AbstractBeanFactory.getBean(AbstractBeanFactory.java:202)
	at org.springframework.beans.factory.support.DefaultListableBeanFactory.preInstantiateSingletons(DefaultListableBeanFactory.java:879)
	at org.springframework.context.support.AbstractApplicationContext.finishBeanFactoryInitialization(AbstractApplicationContext.java:878)
	at org.springframework.context.support.AbstractApplicationContext.refresh(AbstractApplicationContext.java:550)
	at org.springframework.boot.web.servlet.context.ServletWebServerApplicationContext.refresh(ServletWebServerApplicationContext.java:141)
	at org.springframework.boot.SpringApplication.refresh(SpringApplication.java:747)
	at org.springframework.boot.SpringApplication.refreshContext(SpringApplication.java:397)
	at org.springframework.boot.SpringApplication.run(SpringApplication.java:315)
	at org.springframework.boot.SpringApplication.run(SpringApplication.java:1226)
	at org.springframework.boot.SpringApplication.run(SpringApplication.java:1215)
	at com.hahaen.wxshop.WxshopApplication.main(WxshopApplication.java:11)
Caused by: java.lang.IllegalStateException: Failed to check the status of the service com.hahaen.api.rpc.OrderRpcService. No provider available for the service com.hahaen.api.rpc.OrderRpcService:0.0.1 from the url zookeeper://localhost:2181/org.apache.dubbo.registry.RegistryService?application=wxshop-main&dubbo=2.0.2&init=false&interface=com.hahaen.api.rpc.OrderRpcService&methods=createOrder,getOrderById,getOrder,updateOrder,deleteOrder&pid=7000&qos.enable=false&register.ip=192.168.123.19&release=2.7.6&revision=0.0.1&side=consumer&sticky=false&timestamp=1650105208972&version=0.0.1 to the consumer 192.168.123.19 use dubbo version 2.7.6
	at org.apache.dubbo.config.ReferenceConfig.createProxy(ReferenceConfig.java:349)
	at org.apache.dubbo.config.ReferenceConfig.init(ReferenceConfig.java:258)
	at org.apache.dubbo.config.ReferenceConfig.get(ReferenceConfig.java:158)
	at org.apache.dubbo.config.spring.beans.factory.annotation.ReferenceAnnotationBeanPostProcessor.getOrCreateProxy(ReferenceAnnotationBeanPostProcessor.java:274)
	at org.apache.dubbo.config.spring.beans.factory.annotation.ReferenceAnnotationBeanPostProcessor.doGetInjectedBean(ReferenceAnnotationBeanPostProcessor.java:143)
	at com.alibaba.spring.beans.factory.annotation.AbstractAnnotationBeanPostProcessor.getInjectedObject(AbstractAnnotationBeanPostProcessor.java:359)
	at com.alibaba.spring.beans.factory.annotation.AbstractAnnotationBeanPostProcessor$AnnotatedFieldElement.inject(AbstractAnnotationBeanPostProcessor.java:539)
	at org.springframework.beans.factory.annotation.InjectionMetadata.inject(InjectionMetadata.java:130)
	at com.alibaba.spring.beans.factory.annotation.AbstractAnnotationBeanPostProcessor.postProcessPropertyValues(AbstractAnnotationBeanPostProcessor.java:142)
	... 18 common frames omitted
